nohup: ignoring input
 * Serving Flask app 'app'
 * Debug mode: on
WARNING: This is a development server. Do not use it in a production deployment. Use a production WSGI server instead.
 * Running on all addresses (0.0.0.0)
 * Running on http://127.0.0.1:5000
 * Running on http://192.168.1.8:5000
Press CTRL+C to quit
 * Restarting with watchdog (inotify)
 * Debugger is active!
 * Debugger PIN: 836-539-868
 * Detected change in '/mnt/c/work/fantacalcio/test_flask_integration.py', reloading
 * Detected change in '/mnt/c/work/fantacalcio/test_flask_integration.py', reloading
127.0.0.1 - - [25/Sep/2025 21:25:50] "GET /api/v1/health HTTP/1.1" 200 -
 * Restarting with watchdog (inotify)
 * Debugger is active!
 * Debugger PIN: 836-539-868
127.0.0.1 - - [25/Sep/2025 21:26:35] "GET /api/v1/health HTTP/1.1" 200 -
 * Detected change in '/mnt/c/work/fantacalcio/test_flask_integration.py', reloading
 * Detected change in '/mnt/c/work/fantacalcio/test_flask_integration.py', reloading
127.0.0.1 - - [25/Sep/2025 21:27:01] "GET /api/v1/health HTTP/1.1" 200 -
127.0.0.1 - - [25/Sep/2025 21:27:01] "GET /api/v1/teams HTTP/1.1" 200 -
Error loading market index: PlayerRepository.search_players() got an unexpected keyword argument 'name_query'
 * Detected change in '/home/brez/.local/lib/python3.10/site-packages/flask/app.py', reloading
 * Detected change in '/home/brez/.local/lib/python3.10/site-packages/flask/templating.py', reloading
 * Detected change in '/home/brez/.local/lib/python3.10/site-packages/jinja2/environment.py', reloading
 * Detected change in '/home/brez/.local/lib/python3.10/site-packages/jinja2/loaders.py', reloading
127.0.0.1 - - [25/Sep/2025 21:27:01] "GET / HTTP/1.1" 500 -
Traceback (most recent call last):
  File "/mnt/c/work/fantacalcio/app/routes/market_routes.py", line 77, in index
    players = repos.players.search_players(
TypeError: PlayerRepository.search_players() got an unexpected keyword argument 'name_query'

During handling of the above exception, another exception occurred:

Traceback (most recent call last):
  File "/home/brez/.local/lib/python3.10/site-packages/flask/app.py", line 2213, in __call__
    return self.wsgi_app(environ, start_response)
  File "/home/brez/.local/lib/python3.10/site-packages/flask/app.py", line 2193, in wsgi_app
    response = self.handle_exception(e)
  File "/home/brez/.local/lib/python3.10/site-packages/flask/app.py", line 2190, in wsgi_app
    response = self.full_dispatch_request()
  File "/home/brez/.local/lib/python3.10/site-packages/flask/app.py", line 1486, in full_dispatch_request
    rv = self.handle_user_exception(e)
  File "/home/brez/.local/lib/python3.10/site-packages/flask/app.py", line 1484, in full_dispatch_request
    rv = self.dispatch_request()
  File "/home/brez/.local/lib/python3.10/site-packages/flask/app.py", line 1469, in dispatch_request
    return self.ensure_sync(self.view_functions[rule.endpoint])(**view_args)
  File "/mnt/c/work/fantacalcio/app/routes/market_routes.py", line 133, in index
    return render_template(
  File "/home/brez/.local/lib/python3.10/site-packages/flask/templating.py", line 150, in render_template
    template = app.jinja_env.get_or_select_template(template_name_or_list)
  File "/home/brez/.local/lib/python3.10/site-packages/jinja2/environment.py", line 1081, in get_or_select_template
    return self.get_template(template_name_or_list, parent, globals)
  File "/home/brez/.local/lib/python3.10/site-packages/jinja2/environment.py", line 1010, in get_template
    return self._load_template(name, globals)
  File "/home/brez/.local/lib/python3.10/site-packages/jinja2/environment.py", line 969, in _load_template
    template = self.loader.load(self, name, self.make_globals(globals))
  File "/home/brez/.local/lib/python3.10/site-packages/jinja2/loaders.py", line 126, in load
    source, filename, uptodate = self.get_source(environment, name)
  File "/home/brez/.local/lib/python3.10/site-packages/flask/templating.py", line 64, in get_source
    return self._get_source_fast(environment, template)
  File "/home/brez/.local/lib/python3.10/site-packages/flask/templating.py", line 98, in _get_source_fast
    raise TemplateNotFound(template)
jinja2.exceptions.TemplateNotFound: market.html
 * Restarting with watchdog (inotify)
 * Debugger is active!
 * Debugger PIN: 836-539-868
127.0.0.1 - - [25/Sep/2025 21:27:42] "GET /api/v1/teams HTTP/1.1" 200 -
127.0.0.1 - - [25/Sep/2025 21:28:10] "GET /api/v1/market/statistics HTTP/1.1" 200 -
 * Detected change in '/mnt/c/work/fantacalcio/test_flask_integration.py', reloading
 * Detected change in '/mnt/c/work/fantacalcio/test_flask_integration.py', reloading
127.0.0.1 - - [25/Sep/2025 21:28:21] "GET /api/v1/health HTTP/1.1" 200 -
127.0.0.1 - - [25/Sep/2025 21:28:21] "GET /api/v1/teams HTTP/1.1" 200 -
Error loading market index: PlayerRepository.search_players() got an unexpected keyword argument 'name_query'
 * Detected change in '/home/brez/.local/lib/python3.10/site-packages/flask/app.py', reloading
 * Detected change in '/home/brez/.local/lib/python3.10/site-packages/flask/templating.py', reloading
 * Detected change in '/home/brez/.local/lib/python3.10/site-packages/jinja2/environment.py', reloading
 * Detected change in '/home/brez/.local/lib/python3.10/site-packages/jinja2/loaders.py', reloading
127.0.0.1 - - [25/Sep/2025 21:28:21] "GET / HTTP/1.1" 500 -
Traceback (most recent call last):
  File "/mnt/c/work/fantacalcio/app/routes/market_routes.py", line 77, in index
    players = repos.players.search_players(
TypeError: PlayerRepository.search_players() got an unexpected keyword argument 'name_query'

During handling of the above exception, another exception occurred:

Traceback (most recent call last):
  File "/home/brez/.local/lib/python3.10/site-packages/flask/app.py", line 2213, in __call__
    return self.wsgi_app(environ, start_response)
  File "/home/brez/.local/lib/python3.10/site-packages/flask/app.py", line 2193, in wsgi_app
    response = self.handle_exception(e)
  File "/home/brez/.local/lib/python3.10/site-packages/flask/app.py", line 2190, in wsgi_app
    response = self.full_dispatch_request()
  File "/home/brez/.local/lib/python3.10/site-packages/flask/app.py", line 1486, in full_dispatch_request
    rv = self.handle_user_exception(e)
  File "/home/brez/.local/lib/python3.10/site-packages/flask/app.py", line 1484, in full_dispatch_request
    rv = self.dispatch_request()
  File "/home/brez/.local/lib/python3.10/site-packages/flask/app.py", line 1469, in dispatch_request
    return self.ensure_sync(self.view_functions[rule.endpoint])(**view_args)
  File "/mnt/c/work/fantacalcio/app/routes/market_routes.py", line 133, in index
    return render_template(
  File "/home/brez/.local/lib/python3.10/site-packages/flask/templating.py", line 150, in render_template
    template = app.jinja_env.get_or_select_template(template_name_or_list)
  File "/home/brez/.local/lib/python3.10/site-packages/jinja2/environment.py", line 1081, in get_or_select_template
    return self.get_template(template_name_or_list, parent, globals)
  File "/home/brez/.local/lib/python3.10/site-packages/jinja2/environment.py", line 1010, in get_template
    return self._load_template(name, globals)
  File "/home/brez/.local/lib/python3.10/site-packages/jinja2/environment.py", line 969, in _load_template
    template = self.loader.load(self, name, self.make_globals(globals))
  File "/home/brez/.local/lib/python3.10/site-packages/jinja2/loaders.py", line 126, in load
    source, filename, uptodate = self.get_source(environment, name)
  File "/home/brez/.local/lib/python3.10/site-packages/flask/templating.py", line 64, in get_source
    return self._get_source_fast(environment, template)
  File "/home/brez/.local/lib/python3.10/site-packages/flask/templating.py", line 98, in _get_source_fast
    raise TemplateNotFound(template)
jinja2.exceptions.TemplateNotFound: market.html
 * Restarting with watchdog (inotify)
 * Debugger is active!
 * Debugger PIN: 836-539-868
Error loading market index: PlayerRepository.search_players() got an unexpected keyword argument 'name_query'
 * Detected change in '/home/brez/.local/lib/python3.10/site-packages/flask/app.py', reloading
 * Detected change in '/home/brez/.local/lib/python3.10/site-packages/flask/templating.py', reloading
 * Detected change in '/home/brez/.local/lib/python3.10/site-packages/jinja2/environment.py', reloading
 * Detected change in '/home/brez/.local/lib/python3.10/site-packages/jinja2/loaders.py', reloading
127.0.0.1 - - [26/Sep/2025 08:46:55] "GET / HTTP/1.1" 500 -
Traceback (most recent call last):
  File "/mnt/c/work/fantacalcio/app/routes/market_routes.py", line 77, in index
    players = repos.players.search_players(
TypeError: PlayerRepository.search_players() got an unexpected keyword argument 'name_query'

During handling of the above exception, another exception occurred:

Traceback (most recent call last):
  File "/home/brez/.local/lib/python3.10/site-packages/flask/app.py", line 2213, in __call__
    return self.wsgi_app(environ, start_response)
  File "/home/brez/.local/lib/python3.10/site-packages/flask/app.py", line 2193, in wsgi_app
    response = self.handle_exception(e)
  File "/home/brez/.local/lib/python3.10/site-packages/flask/app.py", line 2190, in wsgi_app
    response = self.full_dispatch_request()
  File "/home/brez/.local/lib/python3.10/site-packages/flask/app.py", line 1486, in full_dispatch_request
    rv = self.handle_user_exception(e)
  File "/home/brez/.local/lib/python3.10/site-packages/flask/app.py", line 1484, in full_dispatch_request
    rv = self.dispatch_request()
  File "/home/brez/.local/lib/python3.10/site-packages/flask/app.py", line 1469, in dispatch_request
    return self.ensure_sync(self.view_functions[rule.endpoint])(**view_args)
  File "/mnt/c/work/fantacalcio/app/routes/market_routes.py", line 133, in index
    return render_template(
  File "/home/brez/.local/lib/python3.10/site-packages/flask/templating.py", line 150, in render_template
    template = app.jinja_env.get_or_select_template(template_name_or_list)
  File "/home/brez/.local/lib/python3.10/site-packages/jinja2/environment.py", line 1081, in get_or_select_template
    return self.get_template(template_name_or_list, parent, globals)
  File "/home/brez/.local/lib/python3.10/site-packages/jinja2/environment.py", line 1010, in get_template
    return self._load_template(name, globals)
  File "/home/brez/.local/lib/python3.10/site-packages/jinja2/environment.py", line 969, in _load_template
    template = self.loader.load(self, name, self.make_globals(globals))
  File "/home/brez/.local/lib/python3.10/site-packages/jinja2/loaders.py", line 126, in load
    source, filename, uptodate = self.get_source(environment, name)
  File "/home/brez/.local/lib/python3.10/site-packages/flask/templating.py", line 64, in get_source
    return self._get_source_fast(environment, template)
  File "/home/brez/.local/lib/python3.10/site-packages/flask/templating.py", line 98, in _get_source_fast
    raise TemplateNotFound(template)
jinja2.exceptions.TemplateNotFound: market.html
127.0.0.1 - - [26/Sep/2025 08:46:56] "GET /?__debugger__=yes&cmd=resource&f=style.css HTTP/1.1" 200 -
 * Restarting with watchdog (inotify)
 * Debugger is active!
 * Debugger PIN: 836-539-868
127.0.0.1 - - [26/Sep/2025 08:48:27] "GET /?__debugger__=yes&cmd=resource&f=debugger.js HTTP/1.1" 200 -
127.0.0.1 - - [26/Sep/2025 08:48:28] "GET /?__debugger__=yes&cmd=resource&f=console.png HTTP/1.1" 200 -
127.0.0.1 - - [26/Sep/2025 08:48:28] "GET /?__debugger__=yes&cmd=resource&f=console.png HTTP/1.1" 304 -
 * Detected change in '/mnt/c/work/fantacalcio/app.py', reloading
 * Detected change in '/mnt/c/work/fantacalcio/app.py', reloading
 * Restarting with watchdog (inotify)
 * Debugger is active!
 * Debugger PIN: 836-539-868
 * Detected change in '/mnt/c/work/fantacalcio/app.py', reloading
 * Detected change in '/mnt/c/work/fantacalcio/app.py', reloading
 * Restarting with watchdog (inotify)
 * Debugger is active!
 * Debugger PIN: 836-539-868
